
> nextjs-anchor@0.0.0 setup
> npm run anchor-build && npm run codama:js


> nextjs-anchor@0.0.0 anchor-build
> cd anchor && anchor build

Updating program ids...
Syncing program ids for the configured cluster (devnet)

Found incorrect program id declaration in "/home/allen/anturix/anchor/programs/vault/src/lib.rs"
Updated to 1ovEdPSuQrtiCMn5nsVzi8KJyrYKozWp7ca9GhschpR

Found incorrect program id declaration in Anchor.toml for the program `vault`
Updated to 1ovEdPSuQrtiCMn5nsVzi8KJyrYKozWp7ca9GhschpR

All program id declarations are synced.
Please rebuild the program to update the generated artifacts.

WARNING: `anchor-lang` version(0.32.1) and the current CLI version(1.0.0) don't match.

	This can lead to unwanted behavior. To use the same CLI version, add:

	[toolchain]
	anchor_version = "0.32.1"

	to Anchor.toml

   Compiling proc-macro2 v1.0.105
   Compiling quote v1.0.43
   Compiling unicode-ident v1.0.22
   Compiling version_check v0.9.5
   Compiling serde_core v1.0.228
   Compiling typenum v1.19.0
   Compiling serde v1.0.228
   Compiling syn v1.0.109
   Compiling zerocopy v0.8.33
   Compiling cfg-if v1.0.4
   Compiling zmij v1.0.12
   Compiling hashbrown v0.16.1
   Compiling equivalent v1.0.2
   Compiling winnow v0.7.14
   Compiling five8_core v0.1.2
   Compiling autocfg v1.5.0
   Compiling toml_datetime v0.7.5+spec-1.1.0
   Compiling once_cell v1.21.3
   Compiling cfg_aliases v0.2.1
   Compiling serde_json v1.0.149
   Compiling solana-define-syscall v2.3.0
   Compiling borsh v1.6.0
   Compiling five8 v0.2.1
   Compiling solana-atomic-u64 v2.2.1
   Compiling solana-sanitize v2.2.1
   Compiling five8_const v0.1.4
   Compiling bs58 v0.5.1
   Compiling itoa v1.0.17
   Compiling memchr v2.7.6
   Compiling thiserror v1.0.69
   Compiling anyhow v1.0.100
   Compiling unicode-segmentation v1.12.0
   Compiling cpufeatures v0.2.17
   Compiling indexmap v2.13.0
   Compiling generic-array v0.14.7
   Compiling ahash v0.8.12
   Compiling solana-msg v2.2.1
   Compiling solana-program-memory v2.3.1
   Compiling feature-probe v0.1.1
   Compiling log v0.4.29
   Compiling lazy_static v1.5.0
   Compiling heck v0.3.3
   Compiling num-traits v0.2.19
   Compiling base64 v0.21.7
   Compiling bv v0.11.1
   Compiling syn v2.0.114
   Compiling solana-program-option v2.2.1
   Compiling block-buffer v0.10.4
   Compiling crypto-common v0.1.7
   Compiling digest v0.10.7
   Compiling toml_parser v1.0.6+spec-1.1.0
   Compiling sha2 v0.10.9
   Compiling solana-decode-error v2.3.0
   Compiling toml_edit v0.23.10+spec-1.0.0
   Compiling hashbrown v0.13.2
   Compiling serde_bytes v0.11.19
   Compiling proc-macro-crate v3.4.0
   Compiling borsh-derive-internal v0.10.4
   Compiling borsh-schema-derive-internal v0.10.4
   Compiling serde_derive v1.0.228
   Compiling bytemuck_derive v1.10.2
   Compiling borsh-derive v1.6.0
   Compiling thiserror-impl v1.0.69
   Compiling solana-sdk-macro v2.2.1
   Compiling anchor-derive-space v0.32.1
   Compiling bytemuck v1.24.0
   Compiling solana-hash v2.3.0
   Compiling bincode v1.3.3
   Compiling solana-fee-calculator v2.2.1
   Compiling toml v0.5.11
   Compiling anchor-syn v0.32.1
   Compiling anchor-lang-idl-spec v0.1.0
   Compiling solana-sha256-hasher v2.3.0
   Compiling anchor-lang-idl v0.1.2
   Compiling proc-macro-crate v0.1.5
   Compiling borsh-derive v0.10.4
   Compiling borsh v0.10.4
   Compiling solana-pubkey v2.4.0
   Compiling solana-instruction v2.3.3
   Compiling solana-sdk-ids v2.2.1
   Compiling solana-sysvar-id v2.2.1
   Compiling solana-feature-gate-interface v2.2.2
   Compiling solana-clock v2.2.2
   Compiling solana-last-restart-slot v2.2.1
   Compiling solana-epoch-rewards v2.2.1
   Compiling solana-slot-history v2.2.1
   Compiling solana-rent v2.2.1
   Compiling solana-epoch-schedule v2.2.1
   Compiling solana-slot-hashes v2.2.1
   Compiling solana-program-error v2.2.2
   Compiling solana-stable-layout v2.2.1
   Compiling solana-system-interface v1.0.0
   Compiling solana-serialize-utils v2.2.1
   Compiling solana-account-info v2.3.0
   Compiling solana-program-pack v2.2.1
   Compiling solana-program-entrypoint v2.3.0
   Compiling solana-cpi v2.2.1
   Compiling solana-instructions-sysvar v2.2.2
   Compiling solana-invoke v0.4.0
   Compiling solana-stake-interface v1.2.1
   Compiling solana-loader-v3-interface v3.0.0
   Compiling solana-sysvar v2.3.0
   Compiling anchor-derive-serde v0.32.1
   Compiling anchor-attribute-account v0.32.1
   Compiling anchor-attribute-event v0.32.1
   Compiling anchor-attribute-error v0.32.1
   Compiling anchor-derive-accounts v0.32.1
   Compiling anchor-attribute-constant v0.32.1
   Compiling anchor-attribute-access-control v0.32.1
   Compiling anchor-attribute-program v0.32.1
   Compiling anchor-lang v0.32.1
   Compiling vault v0.1.0 (/home/allen/anturix/anchor/programs/vault)
warning: unexpected `cfg` condition value: `custom-heap`
 --> programs/vault/src/lib.rs:9:1
  |
9 | #[program]
  | ^^^^^^^^^^
  |
  = note: expected values for `feature` are: `cpi`, `default`, `idl-build`, `no-entrypoint`, `no-idl`, and `no-log-ix-name`
  = note: using a cfg inside a macro will use the cfgs from the destination crate and not the ones from the defining crate
  = help: try referring to `$crate::custom_heap_default` crate for guidance on how handle this unexpected cfg
  = help: the macro `$crate::custom_heap_default` may come from an old version of the `solana_program_entrypoint` crate, try updating your dependency with `cargo update -p solana_program_entrypoint`
  = note: see <https://doc.rust-lang.org/nightly/rustc/check-cfg/cargo-specifics.html> for more information about checking conditional configuration
  = note: `#[warn(unexpected_cfgs)]` on by default
  = note: this warning originates in the macro `$crate::custom_heap_default` which comes from the expansion of the attribute macro `program` (in Nightly builds, run with -Z macro-backtrace for more info)

warning: unexpected `cfg` condition value: `custom-panic`
 --> programs/vault/src/lib.rs:9:1
  |
9 | #[program]
  | ^^^^^^^^^^
  |
  = note: expected values for `feature` are: `cpi`, `default`, `idl-build`, `no-entrypoint`, `no-idl`, and `no-log-ix-name`
  = note: using a cfg inside a macro will use the cfgs from the destination crate and not the ones from the defining crate
  = help: try referring to `$crate::custom_panic_default` crate for guidance on how handle this unexpected cfg
  = help: the macro `$crate::custom_panic_default` may come from an old version of the `solana_program_entrypoint` crate, try updating your dependency with `cargo update -p solana_program_entrypoint`
  = note: see <https://doc.rust-lang.org/nightly/rustc/check-cfg/cargo-specifics.html> for more information about checking conditional configuration
  = note: this warning originates in the macro `$crate::custom_panic_default` which comes from the expansion of the attribute macro `program` (in Nightly builds, run with -Z macro-backtrace for more info)

warning: unexpected `cfg` condition value: `anchor-debug`
 --> programs/vault/src/lib.rs:9:1
  |
9 | #[program]
  | ^^^^^^^^^^
  |
  = note: expected values for `feature` are: `cpi`, `default`, `idl-build`, `no-entrypoint`, `no-idl`, and `no-log-ix-name`
  = note: using a cfg inside a attribute macro will use the cfgs from the destination crate and not the ones from the defining crate
  = help: try referring to `program` crate for guidance on how handle this unexpected cfg
  = help: the attribute macro `program` may come from an old version of the `anchor_attribute_program` crate, try updating your dependency with `cargo update -p anchor_attribute_program`
  = note: see <https://doc.rust-lang.org/nightly/rustc/check-cfg/cargo-specifics.html> for more information about checking conditional configuration
  = note: this warning originates in the attribute macro `program` (in Nightly builds, run with -Z macro-backtrace for more info)

warning: unexpected `cfg` condition value: `anchor-debug`
 --> programs/vault/src/lib.rs:9:1
  |
9 | #[program]
  | ^^^^^^^^^^
  |
  = note: expected values for `feature` are: `cpi`, `default`, `idl-build`, `no-entrypoint`, `no-idl`, and `no-log-ix-name`
  = note: using a cfg inside a derive macro will use the cfgs from the destination crate and not the ones from the defining crate
  = help: try referring to `Accounts` crate for guidance on how handle this unexpected cfg
  = help: the derive macro `Accounts` may come from an old version of the `anchor_derive_accounts` crate, try updating your dependency with `cargo update -p anchor_derive_accounts`
  = note: see <https://doc.rust-lang.org/nightly/rustc/check-cfg/cargo-specifics.html> for more information about checking conditional configuration
  = note: this warning originates in the derive macro `Accounts` (in Nightly builds, run with -Z macro-backtrace for more info)

warning: unexpected `cfg` condition value: `anchor-debug`
  --> programs/vault/src/lib.rs:56:10
   |
56 | #[derive(Accounts)]
   |          ^^^^^^^^
   |
   = note: expected values for `feature` are: `cpi`, `default`, `idl-build`, `no-entrypoint`, `no-idl`, and `no-log-ix-name`
   = note: using a cfg inside a derive macro will use the cfgs from the destination crate and not the ones from the defining crate
   = help: try referring to `Accounts` crate for guidance on how handle this unexpected cfg
   = help: the derive macro `Accounts` may come from an old version of the `anchor_derive_accounts` crate, try updating your dependency with `cargo update -p anchor_derive_accounts`
   = note: see <https://doc.rust-lang.org/nightly/rustc/check-cfg/cargo-specifics.html> for more information about checking conditional configuration
   = note: this warning originates in the derive macro `Accounts` (in Nightly builds, run with -Z macro-backtrace for more info)

warning: `vault` (lib) generated 10 warnings (5 duplicates)
    Finished `release` profile [optimized] target(s) in 57.56s
   Compiling proc-macro2 v1.0.105
   Compiling quote v1.0.43
   Compiling unicode-ident v1.0.22
   Compiling libc v0.2.180
   Compiling cfg-if v1.0.4
   Compiling version_check v0.9.5
   Compiling typenum v1.19.0
   Compiling serde_core v1.0.228
   Compiling serde v1.0.228
   Compiling autocfg v1.5.0
   Compiling subtle v2.6.1
   Compiling syn v1.0.109
   Compiling cpufeatures v0.2.17
   Compiling once_cell v1.21.3
   Compiling winnow v0.7.14
   Compiling hashbrown v0.16.1
   Compiling zerocopy v0.8.33
   Compiling equivalent v1.0.2
   Compiling toml_datetime v0.7.5+spec-1.1.0
   Compiling getrandom v0.3.4
   Compiling cfg_aliases v0.2.1
   Compiling borsh v1.6.0
   Compiling five8_core v0.1.2
   Compiling five8 v0.2.1
   Compiling generic-array v0.14.7
   Compiling ahash v0.8.12
   Compiling solana-sanitize v2.2.1
   Compiling solana-atomic-u64 v2.2.1
   Compiling itoa v1.0.17
   Compiling semver v1.0.27
   Compiling num-traits v0.2.19
   Compiling five8_const v0.1.4
   Compiling memchr v2.7.6
   Compiling zmij v1.0.12
   Compiling serde_json v1.0.149
   Compiling bs58 v0.5.1
   Compiling find-msvc-tools v0.1.7
   Compiling lazy_static v1.5.0
   Compiling shlex v1.3.0
   Compiling rustc_version v0.4.1
   Compiling getrandom v0.1.16
   Compiling byteorder v1.5.0
   Compiling opaque-debug v0.3.1
   Compiling indexmap v2.13.0
   Compiling cc v1.2.52
   Compiling log v0.4.29
   Compiling solana-msg v2.2.1
   Compiling base64 v0.22.1
   Compiling percent-encoding v2.3.2
   Compiling solana-program-memory v2.3.1
   Compiling curve25519-dalek v4.1.3
   Compiling arrayref v0.3.9
   Compiling signature v1.6.4
   Compiling feature-probe v0.1.1
   Compiling fnv v1.0.7
   Compiling ed25519 v1.5.3
   Compiling constant_time_eq v0.4.2
   Compiling bv v0.11.1
   Compiling stable_deref_trait v1.2.1
   Compiling either v1.15.0
   Compiling arrayvec v0.7.6
   Compiling crunchy v0.2.4
   Compiling bytes v1.11.1
   Compiling syn v2.0.114
   Compiling pin-project-lite v0.2.16
   Compiling thiserror v2.0.17
   Compiling keccak v0.1.5
   Compiling solana-decode-error v2.3.0
   Compiling num-integer v0.1.46
   Compiling futures-core v0.3.31
   Compiling solana-precompile-error v2.2.2
   Compiling getrandom v0.2.16
   Compiling mio v1.1.1
   Compiling rand_core v0.6.4
   Compiling block-buffer v0.10.4
   Compiling digest v0.9.0
   Compiling rand_core v0.5.1
   Compiling block-buffer v0.9.0
   Compiling sha2 v0.9.9
   Compiling socket2 v0.6.1
   Compiling futures-sink v0.3.31
   Compiling crypto-mac v0.8.0
   Compiling litemap v0.8.1
   Compiling crypto-common v0.1.7
   Compiling libsecp256k1-core v0.2.2
   Compiling toml_parser v1.0.6+spec-1.1.0
   Compiling smallvec v1.15.1
   Compiling digest v0.10.7
   Compiling writeable v0.6.2
   Compiling hmac v0.8.1
   Compiling http v1.4.0
   Compiling icu_properties_data v2.1.2
   Compiling icu_normalizer_data v2.1.1
   Compiling sha2 v0.10.9
   Compiling sha3 v0.10.8
   Compiling alloc-no-stdlib v2.0.4
   Compiling tokio v1.49.0
   Compiling ppv-lite86 v0.2.21
   Compiling blake3 v1.8.3
   Compiling ring v0.17.14
   Compiling pin-utils v0.1.0
   Compiling crc32fast v1.5.0
   Compiling alloc-stdlib v0.2.2
   Compiling toml_edit v0.23.10+spec-1.0.0
   Compiling hashbrown v0.13.2
   Compiling hmac-drbg v0.3.0
   Compiling base64 v0.12.3
   Compiling futures-io v0.3.31
   Compiling rand_chacha v0.3.1
   Compiling rand_chacha v0.2.2
   Compiling libsecp256k1-gen-genmult v0.2.1
   Compiling libsecp256k1-gen-ecmult v0.2.1
   Compiling futures-task v0.3.31
   Compiling untrusted v0.9.0
   Compiling httparse v1.10.1
   Compiling rand v0.8.5
   Compiling rand v0.7.3
   Compiling bitflags v2.10.0
   Compiling serde_bytes v0.11.19
   Compiling libsecp256k1 v0.6.0
   Compiling proc-macro-crate v3.4.0
   Compiling http-body v1.0.1
   Compiling simd-adler32 v0.3.8
   Compiling slab v0.4.11
   Compiling adler2 v2.0.1
   Compiling futures-util v0.3.31
   Compiling miniz_oxide v0.8.9
   Compiling brotli-decompressor v5.0.0
   Compiling try-lock v0.2.5
   Compiling tower-service v0.3.3
   Compiling derivation-path v0.2.0
   Compiling rustls v0.23.36
   Compiling thiserror v1.0.69
   Compiling want v0.3.1
   Compiling hmac v0.12.1
   Compiling futures-channel v0.3.31
   Compiling num-bigint v0.4.6
   Compiling openssl-src v300.5.4+3.5.4
   Compiling flate2 v1.1.5
   Compiling uriparse v0.6.4
   Compiling qstring v0.7.2
   Compiling num-bigint v0.2.6
   Compiling tracing-core v0.1.36
   Compiling compression-core v0.4.31
   Compiling vcpkg v0.2.15
   Compiling atomic-waker v1.1.2
   Compiling solana-native-token v2.3.0
   Compiling pkg-config v0.3.32
   Compiling brotli v8.0.2
   Compiling pbkdf2 v0.11.0
   Compiling sync_wrapper v1.0.2
   Compiling form_urlencoded v1.2.2
   Compiling num-complex v0.2.4
   Compiling num-rational v0.2.4
   Compiling crossbeam-utils v0.8.21
   Compiling tower-layer v0.3.3
   Compiling tracing v0.1.44
   Compiling solana-svm-feature-set v2.3.13
   Compiling ipnet v2.11.0
   Compiling solana-derivation-path v2.2.1
   Compiling solana-time-utils v2.2.1
   Compiling utf8_iter v1.0.4
   Compiling solana-seed-derivable v2.2.1
   Compiling solana-seed-phrase v2.2.1
   Compiling http-body-util v0.1.3
   Compiling openssl-sys v0.9.111
   Compiling void v1.0.2
   Compiling ident_case v1.0.1
   Compiling strsim v0.11.1
   Compiling borsh-derive-internal v0.10.4
   Compiling borsh-schema-derive-internal v0.10.4
   Compiling synstructure v0.13.2
   Compiling ryu v1.0.22
   Compiling iri-string v0.7.10
   Compiling darling_core v0.21.3
   Compiling unreachable v1.0.0
   Compiling num-iter v0.1.45
   Compiling itertools v0.12.1
   Compiling openssl v0.10.75
   Compiling paste v1.0.15
   Compiling foreign-types-shared v0.1.1
   Compiling ascii v0.9.3
   Compiling crossbeam-channel v0.5.15
   Compiling hyper v1.8.1
   Compiling tower v0.5.2
   Compiling tokio-util v0.7.18
   Compiling combine v3.8.1
   Compiling num v0.2.1
   Compiling foreign-types v0.3.2
   Compiling ark-std v0.4.0
   Compiling gethostname v0.2.3
   Compiling hash32 v0.3.1
   Compiling anyhow v1.0.100
   Compiling eager v0.1.0
   Compiling rustc-demangle v0.1.26
   Compiling percentage v0.1.0
   Compiling solana-type-overrides v2.3.13
   Compiling hyper-util v0.1.19
   Compiling serde_derive v1.0.228
   Compiling zeroize_derive v1.4.3
   Compiling bytemuck_derive v1.10.2
   Compiling borsh-derive v1.6.0
   Compiling curve25519-dalek-derive v0.1.1
   Compiling solana-sdk-macro v2.2.1
   Compiling zerofrom-derive v0.1.6
   Compiling yoke-derive v0.8.1
   Compiling thiserror-impl v2.0.17
   Compiling zeroize v1.8.2
   Compiling zerovec-derive v0.11.2
   Compiling displaydoc v0.2.5
   Compiling curve25519-dalek v3.2.0
   Compiling rustls-pki-types v1.13.2
   Compiling thiserror-impl v1.0.69
   Compiling compression-codecs v0.4.35
   Compiling enum-iterator-derive v1.5.0
   Compiling rustls-webpki v0.103.10
   Compiling bytemuck v1.24.0
   Compiling async-compression v0.4.36
   Compiling webpki-roots v1.0.5
   Compiling darling_macro v0.21.3
   Compiling ark-serialize-derive v0.4.2
   Compiling openssl-macros v0.1.1
   Compiling tower-http v0.6.8
   Compiling zerofrom v0.1.6
   Compiling ark-ff-macros v0.4.2
   Compiling yoke v0.8.1
   Compiling derivative v2.2.0
   Compiling zerovec v0.11.5
   Compiling zerotrie v0.2.3
   Compiling darling v0.21.3
   Compiling ark-serialize v0.4.2
   Compiling solana-sbpf v0.11.1
   Compiling enum-iterator v1.5.0
   Compiling ark-ff-asm v0.4.2
   Compiling num-derive v0.4.2
   Compiling itertools v0.10.5
   Compiling aho-corasick v1.1.4
   Compiling solana-log-collector v2.3.13
   Compiling regex-syntax v0.8.8
   Compiling solana-measure v2.3.13
   Compiling tinystr v0.8.2
   Compiling potential_utf v0.1.4
   Compiling serde_with_macros v3.16.1
   Compiling icu_locale_core v2.1.1
   Compiling icu_collections v2.1.1
   Compiling toml_write v0.1.2
   Compiling cfg_eval v0.1.2
   Compiling unicode-segmentation v1.12.0
   Compiling errno v0.3.14
   Compiling signal-hook v0.3.18
   Compiling signal-hook-registry v1.4.8
   Compiling icu_provider v2.1.1
   Compiling heck v0.3.3
   Compiling solana-big-mod-exp v2.2.1
   Compiling inout v0.1.4
   Compiling atty v0.2.14
   Compiling memoffset v0.9.1
   Compiling solana-define-syscall v2.3.0
   Compiling termcolor v1.4.1
   Compiling humantime v2.3.0
   Compiling cipher v0.4.4
   Compiling solana-hash v2.3.0
   Compiling toml v0.5.11
   Compiling bincode v1.3.3
   Compiling ed25519-dalek v1.0.1
   Compiling solana-fee-calculator v2.2.1
   Compiling solana-sha256-hasher v2.3.0
   Compiling solana-short-vec v2.2.1
   Compiling serde-big-array v0.5.1
   Compiling icu_properties v2.1.2
   Compiling icu_normalizer v2.1.1
   Compiling solana-signature v2.3.0
   Compiling solana-cluster-type v2.2.1
   Compiling serde_urlencoded v0.7.1
   Compiling ark-ff v0.4.2
   Compiling regex-automata v0.4.13
   Compiling ed25519-dalek-bip32 v0.2.0
   Compiling serde_spanned v0.6.9
   Compiling toml_datetime v0.6.11
   Compiling serde_with v3.16.1
   Compiling proc-macro-crate v0.1.5
   Compiling toml_edit v0.22.27
   Compiling tokio-rustls v0.26.4
   Compiling solana-keccak-hasher v2.2.1
   Compiling hyper-rustls v0.27.7
   Compiling solana-blake3-hasher v2.2.1
   Compiling solana-serde-varint v2.2.2
   Compiling idna_adapter v1.2.1
   Compiling solana-packet v2.2.1
   Compiling borsh-derive v0.10.4
   Compiling idna v1.1.0
   Compiling solana-hard-forks v2.2.1
   Compiling solana-program-option v2.2.1
   Compiling solana-shred-version v2.2.1
   Compiling solana-curve25519 v2.3.13
   Compiling solana-inflation v2.2.1
   Compiling solana-poh-config v2.2.1
   Compiling universal-hash v0.5.1
   Compiling memmap2 v0.5.10
   Compiling chrono v0.4.42
   Compiling url v2.5.8
   Compiling polyval v0.6.2
   Compiling ctr v0.9.2
   Compiling aes v0.8.4
   Compiling aead v0.5.2
   Compiling merlin v3.0.0
   Compiling borsh v0.10.4
   Compiling qualifier_attr v0.2.2
   Compiling scopeguard v1.2.0
   Compiling rustversion v1.0.22
   Compiling anchor-lang-idl-spec v0.1.0
   Compiling reqwest v0.12.28
   Compiling regex v1.12.2
   Compiling aes-gcm-siv v0.11.1
   Compiling num_enum_derive v0.7.5
   Compiling solana-pubkey v2.4.0
   Compiling toml v0.8.23
   Compiling env_logger v0.9.3
   Compiling solana-borsh v2.2.1
   Compiling solana-instruction v2.3.3
   Compiling solana-sdk-ids v2.2.1
   Compiling solana-timings v2.3.13
   Compiling solana-nonce v2.2.1
   Compiling solana-logger v2.3.1
   Compiling solana-sysvar-id v2.2.1
   Compiling kaigan v0.2.6
   Compiling solana-system-interface v1.0.0
   Compiling solana-epoch-schedule v2.2.1
   Compiling solana-transaction-error v2.2.1
   Compiling solana-program-error v2.2.2
   Compiling solana-clock v2.2.2
   Compiling solana-slot-hashes v2.2.1
   Compiling solana-serialize-utils v2.2.1
   Compiling solana-rent v2.2.1
   Compiling solana-account-info v2.3.0
   Compiling solana-slot-history v2.2.1
   Compiling solana-epoch-rewards v2.2.1
   Compiling solana-last-restart-slot v2.2.1
   Compiling solana-bincode v2.2.1
   Compiling solana-cpi v2.2.1
   Compiling solana-program-entrypoint v2.3.0
   Compiling solana-instructions-sysvar v2.2.2
   Compiling solana-stake-interface v1.2.1
   Compiling solana-message v2.4.0
   Compiling solana-signer v2.2.1
   Compiling solana-stable-layout v2.2.1
   Compiling solana-feature-set v2.2.5
   Compiling agave-feature-set v2.3.13
   Compiling solana-loader-v3-interface v5.0.0
   Compiling solana-loader-v4-interface v2.2.1
   Compiling solana-secp256k1-recover v2.2.1
   Compiling solana-keypair v2.2.3
   Compiling solana-metrics v2.3.13
   Compiling cargo_toml v0.19.2
   Compiling solana-vote-interface v2.2.6
   Compiling solana-address-lookup-table-interface v2.2.2
   Compiling solana-program-pack v2.2.1
   Compiling solana-loader-v2-interface v2.2.1
   Compiling solana-zk-token-sdk v2.3.13
   Compiling solana-zk-sdk v2.3.13
   Compiling solana-compute-budget-interface v2.2.2
   Compiling solana-fee-structure v2.3.0
   Compiling solana-sysvar v2.3.0
   Compiling solana-ed25519-program v2.2.3
   Compiling solana-secp256k1-program v2.2.3
   Compiling solana-account v2.2.1
   Compiling solana-example-mocks v2.2.1
   Compiling num_enum v0.7.5
   Compiling anchor-lang-idl v0.1.2
   Compiling solana-reward-info v2.2.1
   Compiling solana-epoch-info v2.2.1
   Compiling solana-commitment-config v2.2.1
   Compiling siphasher v0.3.11
   Compiling solana-rent-debits v2.2.1
   Compiling solana-offchain-message v2.2.1
   Compiling solana-reserved-account-keys v2.2.2
   Compiling agave-reserved-account-keys v2.3.13
   Compiling solana-quic-definitions v2.3.1
   Compiling solana-transaction-context v2.3.13
   Compiling solana-svm-callback v2.3.13
   Compiling solana-feature-gate-interface v2.2.2
   Compiling solana-genesis-config v2.3.0
   Compiling solana-nonce-account v2.2.1
   Compiling solana-epoch-rewards-hasher v2.2.1
   Compiling solana-presigner v2.2.1
   Compiling solana-invoke v0.4.0
   Compiling anchor-syn v0.32.1
   Compiling solana-loader-v3-interface v3.0.0
   Compiling solana-serde v2.2.1
   Compiling anchor-derive-space v0.32.1
   Compiling solana-program-runtime v2.3.13
   Compiling itertools v0.14.0
   Compiling solana-rent-collector v2.3.0
   Compiling solana-validator-exit v2.2.1
   Compiling solana-native-token v3.0.0
   Compiling ansi_term v0.12.1
   Compiling base64 v0.21.7
   Compiling solana-program v2.3.0
   Compiling solana-system-program v2.3.13
   Compiling solana-compute-budget-program v2.3.13
   Compiling solana-compute-budget v2.3.13
   Compiling solana-config-program-client v0.0.2
   Compiling ark-poly v0.4.2
   Compiling solana-stake-program v2.3.13
   Compiling ark-ec v0.4.2
   Compiling solana-zk-token-proof-program v2.3.13
   Compiling solana-zk-elgamal-proof-program v2.3.13
   Compiling anchor-attribute-error v0.32.1
   Compiling anchor-attribute-account v0.32.1
   Compiling anchor-derive-accounts v0.32.1
   Compiling anchor-attribute-constant v0.32.1
   Compiling anchor-attribute-program v0.32.1
   Compiling anchor-attribute-event v0.32.1
   Compiling anchor-attribute-access-control v0.32.1
   Compiling anchor-derive-serde v0.32.1
   Compiling ark-bn254 v0.4.0
   Compiling solana-bn254 v2.2.2
   Compiling light-poseidon v0.2.0
   Compiling solana-poseidon v2.3.13
   Compiling anchor-lang v0.32.1
   Compiling solana-bpf-loader-program v2.3.13
   Compiling solana-loader-v4-program v2.3.13
   Compiling solana-secp256r1-program v2.2.4
   Compiling solana-precompiles v2.2.2
   Compiling agave-precompiles v2.3.13
   Compiling solana-transaction v2.2.3
   Compiling solana-vote-program v2.3.13
   Compiling solana-svm-transaction v2.3.13
   Compiling solana-system-transaction v2.2.1
   Compiling solana-client-traits v2.2.1
   Compiling solana-fee v2.3.13
   Compiling solana-sdk v2.3.1
   Compiling solana-builtins-default-costs v2.3.13
   Compiling solana-builtins v2.3.13
   Compiling solana-compute-budget-instruction v2.3.13
   Compiling litesvm v0.7.1
   Compiling vault v0.1.0 (/home/allen/anturix/anchor/programs/vault)
error: couldn't read `programs/vault/src/lib.rs`: No such file or directory (os error 2)

error: could not compile `vault` (lib test) due to 1 previous error
Error: Building IDL failed. Run `ANCHOR_LOG=true anchor idl build` to see the logs.
